<?xml version="1.0"?><coverage lines-covered="104" lines-valid="109" line-rate="0.9541284403669725" branches-covered="0" branches-valid="0" branch-rate="0" complexity="0" version="1.9" timestamp="1767139514"><sources><source>/Users/odosmatthews/Documents/coding/arrayops</source></sources><packages><package name="src" line-rate="0.9541284403669725" branch-rate="0" complexity="0"><classes><class name="lib" filename="src/lib.rs" line-rate="0.9541284403669725" branch-rate="0" complexity="0"><methods/><lines><line number="25" hits="136"/><line number="26" hits="136"/><line number="27" hits="10"/><line number="28" hits="8"/><line number="29" hits="26"/><line number="30" hits="8"/><line number="31" hits="10"/><line number="32" hits="8"/><line number="33" hits="8"/><line number="34" hits="8"/><line number="35" hits="10"/><line number="36" hits="14"/><line number="37" hits="52"/><line number="38" hits="26"/><line number="39" hits="26"/><line number="45" hits="40"/><line number="46" hits="40"/><line number="47" hits="4"/><line number="48" hits="4"/><line number="49" hits="4"/><line number="50" hits="4"/><line number="51" hits="4"/><line number="52" hits="4"/><line number="53" hits="4"/><line number="54" hits="4"/><line number="55" hits="4"/><line number="56" hits="4"/><line number="62" hits="64"/><line number="63" hits="316"/><line number="64" hits="62"/><line number="65" hits="0"/><line number="67" hits="248"/><line number="71" hits="66"/><line number="72" hits="264"/><line number="73" hits="132"/><line number="74" hits="198"/><line number="75" hits="4"/><line number="76" hits="4"/><line number="79" hits="62"/><line number="83" hits="30"/><line number="88" hits="120"/><line number="100" hits="8438"/><line number="105" hits="30"/><line number="111" hits="120"/><line number="113" hits="236"/><line number="114" hits="352"/><line number="116" hits="30"/><line number="121" hits="34"/><line number="122" hits="70"/><line number="123" hits="96"/><line number="125" hits="30"/><line number="127" hits="6"/><line number="128" hits="8"/><line number="129" hits="4"/><line number="132" hits="6"/><line number="133" hits="8"/><line number="134" hits="4"/><line number="137" hits="30"/><line number="138" hits="40"/><line number="139" hits="20"/><line number="142" hits="6"/><line number="143" hits="8"/><line number="144" hits="4"/><line number="147" hits="6"/><line number="148" hits="8"/><line number="149" hits="4"/><line number="152" hits="6"/><line number="153" hits="8"/><line number="154" hits="4"/><line number="157" hits="6"/><line number="158" hits="8"/><line number="159" hits="4"/><line number="162" hits="6"/><line number="163" hits="8"/><line number="164" hits="4"/><line number="167" hits="6"/><line number="168" hits="8"/><line number="169" hits="4"/><line number="172" hits="12"/><line number="173" hits="16"/><line number="174" hits="8"/><line number="181" hits="32"/><line number="182" hits="66"/><line number="183" hits="90"/><line number="185" hits="30"/><line number="187" hits="6"/><line number="188" hits="8"/><line number="191" hits="6"/><line number="192" hits="8"/><line number="195" hits="30"/><line number="196" hits="40"/><line number="199" hits="6"/><line number="200" hits="8"/><line number="203" hits="6"/><line number="204" hits="8"/><line number="207" hits="6"/><line number="208" hits="8"/><line number="211" hits="6"/><line number="212" hits="8"/><line number="215" hits="6"/><line number="216" hits="8"/><line number="219" hits="6"/><line number="220" hits="8"/><line number="223" hits="12"/><line number="224" hits="16"/><line number="231" hits="0"/><line number="232" hits="0"/><line number="233" hits="0"/><line number="234" hits="0"/></lines></class></classes></package></packages></coverage>